46438
46440
46441
46445
49624
49625
49626
49628
49640
49646
49647
49648
49649
49650
49651
49652
49653
49654
49655
49656
49657
49658
49659
49660
49665
49666
49667
49668
54555
54558
54560
54902
54903
54904
54905
55085
55108
55121
55123
55124
55125
55126
55127
55128
55130
55131
55132
55133
55134
55135
55136
55137
55138
55139
55140
55141
55142
55143
55144
55145
55146
55147
55148
55149
55150
55151
55152
55153
55154
55155
55156
55157
55158
55159
55160
55161
55162
55164
55165
55166
55167
55168
55169
55170
55171
55172
55173
55174
55175
55176
55177
55178
55179
55180
55181
55182
55183
55184
55185
55186
55187
55188
55189
55190
55191
55192
55193
55194
55195
55196
55197
55198
55199
55200
55201
55202
55203
55204
55205
55206
55207
55208
55210
55211
55212
55213
55214
55215
55216
55217
55218
55219
55220
55221
55222
55223
55224
55225
55226
55227
55228
55229
55241
55243
55244
55245
55246
55247
55248
55256
55259
55260
55261
55262
55263
55264
55265
55266
55267
55269
55275
55276
55277
55278
55279
55959
55960
55961
55962
55963
55966
55967
55968
56012
56025
56035
56867
56870
57006
57007
57570
57916
57917
63120
63130
63640
63645
63652
63661
63662
63663
63692
64023
64313
64623
67829
67836
67984
67985
68066
68387
68388
68389
69038
69058
69059
69071
69072
69073
69074
69075
69076
69077
69078
69079
69080
69081
69082
69083
69084
69085
69086
69088
69089
69090
69091
69092
69093
69094
69095
69231
69232
69233
69234
69235
69236
69237
69238
69239
69240
69241
69242
69243
69244
69245
69246
69247
69248
69249
69250
69251
69252
69253
69254
69255
69256
69258
69265
69266
69267
69268
69269
69270
69271
69273
69274
69279
69280
69286
69287
69293
69294
69295
69296
69301
69486
69500
69501
69502
69503
69504
69506
69507
69508
69509
69510
69511
69512
69513
69514
69515
69516
69517
69518
69519
69520
69521
69522
69523
69524
69525
69526
69527
69528
69529
69530
69531
69532
69533
69534
69535
69536
69537
69538
69539
69540
69541
69542
69543
69544
69545
69546
69547
69548
69550
69551
69552
69554
69555
69556
69557
69558
69559
69560
69561
69562
69563
69564
69565
69566
69567
69568
69569
69570
69571
69573
69576
69577
69578
69579
69580
69581
69589
69590
69591
69592
69593
69599
69602
69928
70304
70308
70319
70329
70461
70462
70463
70464
70465
70466
70543
70544
70545
71500
71502
71556
71558
71559
71560
71561
71563
71565
71567
72644
72645
72648
72778
76418
76421
76507
76508
76509
76510
76511
76512
76513
76514
76515
76516
76517
76518
76519
76520
76521
76522
76523
76524
76525
76526
76527
76528
76529
76530
76531
76532
76533
76534
76535
76536
76537
76538
76539
76540
76541
76542
76543
76544
76545
76546
76547
76548
76549
76550
76551
76556
76557
76567
76568
76569
76570
76572
76581
78424
79169
79170
81901
81917
81919
81922
82203
82204
82205
82206
82207
82208
82211
82212
82214
82215
82217
82219
82220
82221
82223
82236
82239
82272
83960
83974
83980
83981
83989
86405
87292
88747
90476
90537
90538
90539
90540
90541
90543
90544
90545
90546
90547
90548
90549
90550
90551
90552
90553
90554
90555
90556
90557
90558
90559
90560
90561
90562
90563
90564
90565
90566
90567
90568
90569
90571
91885
91904
91905
91906
96338
96432
98779
98783
98784
98785
98803
98804
100190
100191
102111
102117
102118
102920
102921
106485
107565
107566
107567
107568
110900
110902
110903
110904
110905
110906
110931
112947
112948
112949
112950
112951
112953
112954
112955
112956
112957
112958
112959
112960
112961
112962
112963
112964
112965
112966
112968
112980
112981
112982
112983
112984
112985
112986
112987
112988
112989
112990
112991
112992
112993
112994
112995
112996
112997
112998
112999
113000
113001
113002
113003
113004
113005
113006
113007
113008
113009
113010
113011
113012
113013
113014
113015
113016
113017
113018
113019
113020
113021
113022
113023
113024
113025
113026
113027
113028
113034
113035
113036
113702
113770
113771
113772
114743
115012
115034
115035
115036
115037
115038
115767
115768
115769
115770
115771
115772
115773
115774
115775
115777
115778
115779
115780
115781
115782
115857
115862
115899
115901
115916
115918
115919
115920
115921
115922
115923
115924
115925
115926
115927
115928
115929
115931
115932
115933
115934
115935
115936
115937
115938
115939
115940
115941
115942
115943
115944
115945
115946
115947
115948
115949
115950
115951
115952
115953
115954
115955
115956
115957
115958
115959
115960
115961
115962
115963
115964
115965
115966
115967
115968
115969
115970
115971
115972
115973
115974
115975
115976
115977
115978
115979
115980
115981
115991
115992
115993
115994
115995
115996
115997
116002
116003
116016
116017
116018
116019
116020
116022
118389
118443
118462
118465
118466
118467
118468
118469
118470
118471
118472
118473
118474
118475
118476
118477
118478
118479
118480
118481
118482
118483
118484
118485
118486
118487
118488
118489
118490
118491
118492
118493
118494
118495
118496
118497
118498
118499
118500
118501
118502
118503
118504
118505
118506
118507
118508
118509
118510
118511
118512
118513
118514
118515
118516
118517
118518
118519
118520
118521
118522
118523
118524
118525
118526
118527
118528
118529
118530
118531
118532
118533
118534
118535
118536
118537
118538
118539
118540
118541
118542
118543
118544
118545
118546
118547
118548
118549
118550
118551
118552
118553
118554
118555
118556
118557
118558
118560
118561
118562
118563
118564
118565
118566
118567
118568
118569
118570
118571
118572
118573
118574
118575
118576
118577
118578
118579
118580
118581
118586
118587
118591
118592
118597
118598
118599
119011
119013
119390
119391
119392
119393
119394
119395
119396
119397
119399
119400
119401
119402
119403
122270
122276
122358
122359
122360
122361
122362
122363
122364
122365
122366
122367
122368
122369
122370
122371
122372
122373
122374
122375
122376
122377
122378
122379
122380
122381
122382
122383
122384
122385
122386
122387
122388
122389
122390
122391
122393
122394
122395
122396
122397
122398
122399
122400
122401
122402
122403
122404
122405
122406
122407
122408
122409
122410
122411
122412
122415
122416
122417
122418
122921
122922
122923
122978
122988
122990
123456
123458
123460
123461
123476
123615
123616
123617
123621
123625
124183
124184
124185
124189
124191
124192
124193
124194
124196
124251
124259
124262
124263
124264
124265
124266
124267
124268
124771
124772
124773
124774
124778
124779
124807
124808
124810
124813
124814
124816
124821
124823
124828
124839
124855
124936
124937
125440
125441
125443
127563
129121
129136
129137
129138
129140
129142
129145
129146
129147
129152
129153
129154
129155
129156
129157
129158
129159
129160
129163
129164
129166
129167
129169
129170
129171
129173
129174
129175
129176
129177
129178
129179
130709
130741
130742
130743
130744
130745
130746
130747
130748
130749
130750
130751
130752
130753
130754
130755
130756
130757
130758
130759
130760
130761
130762
130763
130772
130773
130774
130775
130781
131649
132829
132830
132831
132832
132833
132834
132835
132837
132838
132839
132840
132841
132842
132845
132870
132920
132921
132922
132923
132924
132925
132926
132927
132928
132929
132930
132931
132932
132933
132934
132935
132936
132937
132938
132939
132940
132941
132942
132943
132944
132945
132946
132947
132948
132949
132950
132951
132952
132953
132954
132955
132956
132957
132958
132959
132960
132961
132962
132963
132964
132965
132966
132967
132968
132969
132970
132971
132972
132973
132974
132975
132976
132977
132978
132979
132980
132981
132982
132983
132984
132985
132986
132987
132988
132989
132990
132991
132992
132993
132994
132995
132996
132997
132998
132999
133000
133001
133002
133003
133004
133005
133006
133007
133008
133009
133010
133011
133012
133013
133260
133261
133264
135446
135448
135449
135451
135453
135460
135462
135463
135464
135975
136219
136245
136396
136404
136420
136421
136885
136887
136896
136897
136898
136899
136900
136901
136902
136903
136905
136906
136907
136908
136909
136911
136913
136914
136915
136916
136917
136918
136919
136920
136921
136925
136926
136928
137380
142390
142391
142600
142612
142624
142643
142647
142648
142650
142651
142652
142653
142654
142655
142656
142657
142658
142659
142660
142661
142662
142663
142664
142665
142666
142667
142668
142669
142670
142671
142672
142673
142674
142675
142676
142677
142678
142679
142680
142681
142682
142683
142684
142685
142686
142687
142688
142689
142690
142691
142692
142693
142694
142696
142697
142698
142699
142700
142701
142702
142703
142704
142705
142706
142707
142708
142709
142710
142711
142712
142713
142714
142715
142716
142717
142718
142719
142720
142721
142722
142723
142724
142725
142726
142727
142728
142729
142730
142731
142732
142733
142734
142735
142736
142737
142738
142739
142740
142741
142742
142743
143314
143404
143406
143409
143412
143418
143419
144776
144777
144779
144785
144786
144788
144789
144792
144794
144795
146084
146093
146100
146684
146685
146686
146688
146689
146690
146691
146692
146702
146712
146765
147640
147641
147642
147643
147644
147767
147822
147831
147832
147833
147834
147835
147836
147837
147838
147839
147840
147841
147842
147843
147844
147845
147846
147847
147848
147849
147850
147851
147863
147872
147873
147874
147875
147876
147881
147882
147883
147884
147885
147886
147888
147889
148046
148051
148085
148630
148631
149827
149854
151396
151397
151399
151402
151404
151405
151407
151408
151410
160091
161720
163198
163199
164951
164987
165056
165057
165128
165138
165204
165241
165243
165244
165245
165246
165322
165444
165451
165452
165453
165454
165455
165456
165457
165458
165459
165460
165461
165462
165463
165503
165504
165505
165506
165507
165508
165509
165510
165511
165512
165513
165514
165515
165516
165517
165518
165519
165520
165521
165522
165523
165524
165525
165526
165527
165528
165529
165530
165531
165532
165533
165534
165535
165537
165538
165539
165540
165541
165542
165543
165544
165545
165546
165547
165548
165549
165551
165552
165553
165554
165555
165556
165557
165558
165559
165560
165561
165562
165563
165564
165565
165566
165567
165568
165569
165570
165571
165572
165573
165574
165575
165576
165577
165586
165587
165588
165589
165590
165591
165593
165594
165595
165596
165597
165598
165599
165601
165602
165603
165604
165605
165606
165607
165608
165609
165610
165611
165612
165613
165614
165615
165616
165617
165618
165619
165620
165621
165622
165623
165624
165625
165626
165627
165628
165629
165630
165631
165632
165633
165634
165635
165636
165637
165638
165639
165640
165641
165642
165643
165644
165645
165646
165647
165648
165649
165651
165652
165653
165654
165655
165656
165657
165658
165659
165660
165661
165662
165663
165664
165665
165666
165667
165668
165669
165670
165671
165672
165673
165674
165675
165676
165677
165678
165679
165680
165681
165682
165683
165684
165685
165686
165687
165688
165689
165690
165692
165693
165695
165696
165697
165698
165699
165700
165702
165703
165704
165705
165706
165724
165802
165809
165842
165843
165844
165845
165846
165847
165848
165849
165850
165851
165852
165853
165854
165855
165856
165857
165858
165859
165860
165861
165862
165863
165864
165865
165866
165867
165868
165869
165870
165871
165872
165873
165874
165875
165876
165877
165878
165879
165880
165881
165882
165883
165884
165885
165886
165887
165888
165889
165890
165891
165892
165893
165894
165895
165896
165897
165898
165899
165900
165934
165936
165937
165938
165939
165941
165942
165969
165970
165971
165972
165973
165974
165997
166203
166651
166652
168186
168188
168193
168195
168199
168205
168215
168216
168225
168235
168238
172066
172179
172180
172181
172182
172183
172184
172185
172195
172196
172197
172198
172199
172200
172201
172202
172203
172204
172205
172206
172207
172208
172209
172210
172211
172214
172215
172216
172217
172218
172219
172220
172221
172222
172223
172224
172225
172226
172227
172228
172229
172230
172231
172232
172233
172234
172235
172237
172238
172242
172243
172244
172269
172284
172287
172288
172289
172290
174437
174445
174446
174447
174465
181795
181797
181798
181799
181850
181966
181967
181970
182160
182161
182162
183532
183533
183535
183537
183595
194782
194785
194787
194788
194889
207130
207131
211676
212093
212096
212098
212099
212103
212104
212106
212107
212108
212109
212110
212111
212112
212115
212118
212121
212122
212123
217887
229923
229962
229963
231102
239343
239344
239346
239348
239349
239392
239393
239394
239395
239396
239397
239398
239399
239400
239401
239402
239403
239411
239414
239416
239417
239418
239419
239420
239422
239425
239427
239428
239438
240359
240361
240367
240371
240378
240386
240461
240466
240471
240473
241200
241201
241202
241203
241400
241401
241403
242598
243605
243606
243630
243706
243962
244129
244156
244158
244159
244160
244161
244162
244165
244264
244471
244474
244475
244476
244477
244478
244479
244480
244481
244482
244483
244484
244485
244486
244487
244488
244489
244490
244491
244492
244497
244498
244499
244500
244517
245150
245151
245152
245153
245154
245200
245201
245202
249303
249304
249305
249307
249308
249310
249312
249313
249314
249315
249316
249317
249318
249319
249320
249321
249322
249323
249324
249325
249326
249327
249328
249329
249330
249332
249333
249334
249335
249336
249337
249338
249339
249340
249341
249342
249343
249344
249346
249347
249348
249349
249351
249352
249353
249354
249355
249356
249357
249359
249360
249361
249362
249363
249364
249365
249366
249367
249368
249369
249370
249371
249372
249373
249374
249375
249376
249377
249378
249379
249380
249381
249454
249460
249461
249462
249463
249464
249465
249466
249467
249468
249469
249470
249471
249472
249473
249474
249475
249476
249477
249478
249479
249480
249481
249482
249483
249484
249485
249486
249487
249488
249489
249490
249491
249492
249493
249494
249495
249496
249497
249498
249499
249500
249501
249502
249503
249504
249505
249506
249507
249508
249509
249510
249511
249512
249513
249514
249515
249516
249517
249518
249519
249520
249521
249522
249523
249524
249525
249526
249527
249528
249529
249530
249531
249532
249533
249534
249535
249536
249537
249539
249540
249541
249542
249543
249544
249545
249546
249547
249548
249549
249550
249551
249552
249553
249554
249555
249556
249558
250483
250484
250485
250486
250487
250488
250490
250491
250492
250493
250494
250495
250496
250497
250562
251117
251118
251119
251120
251121
251122
253180
253181
253182
253185
253186
253187
253229
253230
253231
253232
253233
253234
253235
253236
253237
253238
253239
253240
253241
253242
253243
253337
253378
253379
253380
253381
253382
253383
253387
253388
253389
253390
253391
253392
253393
253394
253395
253396
253397
253398
253399
253400
253401
253402
253403
253404
253405
253406
253407
253408
253409
253410
253411
253412
253413
253414
253415
253417
253418
253419
253420
253421
253422
253425
253426
253428
253429
253430
253431
253432
253433
253435
253457
253458
253514
253515
253516
253518
253519
253520
253521
253522
253523
253524
253525
253526
253527
253528
253529
253530
253531
253532
253533
253534
253535
253536
253537
253538
253539
253540
253541
254023
254024
254025
254026
254027
254028
254030
254033
254034
254035
254036
254037
254038
254039
254040
254041
254042
254043
254044
254045
254046
254048
254049
254050
254051
254052
254053
254054
254055
254056
254057
254058
254059
254060
254061
254062
254063
254064
254065
254066
254067
254068
254069
254070
254071
254072
254073
254074
254075
254076
254077
254078
254079
254080
254081
254082
254084
254085
254087
254088
254089
254090
254091
254092
254094
254095
254096
254097
254098
254099
254100
254101
254102
254103
254104
254106
254107
254108
254109
254110
254111
254112
254113
254114
254115
254117
254118
254119
254120
254121
254122
254123
254124
254125
254126
254127
254128
254129
254130
254131
254133
254134
254137
254138
254139
254140
254141
254142
254145
254146
254148
254149
254150
254151
254152
254153
254154
254155
254156
254157
254158
254159
254160
254161
254162
254163
254164
254165
254166
254167
254168
254169
254170
254171
254172
254173
254174
254176
254177
254178
254179
254180
254182
254183
254184
254185
254186
254187
254188
254920
254921
254922
254923
254924
255462
256109
256132
256133
256134
256135
256720
256724
256727
256730
256735
256743
256748
256749
256750
256751
256753
256765
257278
257279
257283
257284
257286
257288
257289
257297
263119
263120
263121
263122
263123
263124
263234
263270
263271
263279
263280
263281
263282
263284
263285
263286
263287
263288
263289
264055
264369
264375
271742
272737
272738
272752
272753
272806
272819
272827
272828
272829
272830
274229
276440
276446
276447
276449
276452
276476
276482
276485
276489
276490
276493
276494
276495
276501
276502
276503
276505
276506
276521
276529
276584
276585
276586
277093
277094
277096
277097
277098
277100
277101
277102
277104
277105
277106
277107
277108
277109
277110
277111
277112
277113
277182
277192
277273
277307
277334
277335
277338
277339
277354
277357
277358
277359
277365
277366
277367
277373
277377
277380
277381
277382
277383
277384
277392
277393
277394
277395
277396
277397
277398
277399
277400
277401
277402
277403
277404
277405
277406
277407
277408
277409
277410
277411
277412
277414
277415
277416
277417
277418
277419
277420
277421
277422
277423
277424
277425
277426
277427
277428
277429
277430
277431
277432
277433
277434
277435
277436
277437
277438
277440
277441
277442
277443
277444
277445
277446
277447
277448
277449
277450
277451
277452
277472
277473
277474
277475
277476
277477
277478
277479
277480
277481
277482
277483
277484
277485
277486
277487
277488
277619
277622
277623
277624
277626
277627
277628
277629
277630
277631
277633
277634
277635
277636
277637
277638
277639
277640
277642
277645
277647
277649
277659
277664
277706
277707
277708
277711
277716
277745
278432
278452
278455
278461
278542
278543
278544
278545
278546
278547
278548
278549
278550
278551
278552
278553
278554
278555
278556
278557
278558
278559
278560
278561
278562
278563
278564
278565
278566
278567
278568
278569
278570
278571
278572
278573
278574
278575
278576
278577
278578
278579
278580
278581
278582
278583
278584
278585
278586
278587
278588
278589
278590
278591
278592
278593
278594
278595
278596
278597
278598
278599
278601
278602
278603
278604
278605
278606
278607
278629
278632
278634
278649
278650
278764
278771
278772
278774
278775
278776
278781
278786
278790
278791
278796
278802
278803
278804
278805
278806
278807
278808
278812
278817
278823
278824
278827
278828
278829
278836
278843
278845
278850
278852
278853
278854
278855
278856
278860
278864
278865
278868
278869
278870
278871
278872
278873
278874
278875
278876
278877
278878
278879
278880
278881
278882
278883
278884
278885
278886
278887
278889
278893
278908
278910
279007
279081
279097
279112
279113
279114
279115
279116
279117
279118
279121
279124
279128
279131
279132
279135
279136
279137
279138
279139
279141
279142
279144
279148
279149
279151
279155
279156
279157
279158
279159
279160
279161
279162
279164
279165
279166
279167
279168
279169
279170
279171
279172
279173
279174
279175
279176
279177
279178
279179
279180
279181
279182
279183
279184
279185
279186
279188
279189
279190
279191
279192
279193
279194
279195
279196
279197
279198
279199
279200
279201
279207
279209
279210
279211
279212
279213
279214
279215
279216
279217
279218
279219
279220
279221
279222
279223
279224
279225
279226
279227
279228
279234
279236
279248
279251
279257
279258
279272
279450
279452
279454
279458
279459
279461
279462
279464
279474
279475
279480
279481
279482
279483
279499
279502
279510
279517
279518
279519
279521
279523
279568
279571
279572
279573
279574
279645
279649
279650
279713
279737
279738
279785
279812
279822
279823
279824
279825
279826
279827
279829
279830
279831
279832
279833
279834
279835
279836
279837
279838
279839
279840
279841
279842
279843
279844
279845
279846
279847
279848
279849
279850
279851
279852
279853
279854
279855
279856
279857
279858
279859
279860
279861
279862
279863
279864
279865
279866
279867
279868
279869
279870
279871
279872
279873
279874
279875
279879
279880
279881
279886
279889
279892
279895
279905
279928
279929
279934
279936
279940
279941
279942
279943
279944
279945
279946
279947
279948
279949
279950
279951
279952
279953
279954
279955
279956
279957
279958
279959
279968
279969
279971
279973
279974
280118
280216
280231
280232
281664
281665
281666
281667
281669
281670
281683
281685
281687
281688
281689
281691
281694
281696
281697
281699
281700
281716
281742
281744
281746
281749
281750
281752
281754
281755
281756
281757
281758
281760
281761
281764
281765
281769
281773
281775
281778
281789
281792
281796
281799
281808
281816
281823
281826
281830
281833
281835
281952
281956
281996
281997
281998
281999
282000
282007
282015
282046
282047
282055
282063
282064
282065
282070
282071
282072
282073
282074
282075
282096
282104
282107
282108
282109
282113
282116
282117
282119
282121
282125
282126
282127
282128
282138
282139
282140
282142
282144
282146
282148
282149
282150
282151
282152
282153
282154
282155
282156
282157
282159
282160
282161
282162
282163
282164
282165
282166
282167
282168
282169
282170
282171
282172
282173
282174
282175
282176
282177
282178
282179
282180
282181
282182
282183
282184
282185
282186
282187
282188
282189
282190
282191
282192
282193
282194
282195
282196
282197
282198
282358
282359
282360
282361
282362
282363
282364
282365
282366
282370
282371
282372
282373
282375
282376
282377
282378
282379
282380
282381
282382
282383
282384
282385
282386
282387
282388
282389
282390
282391
282392
282465
282466
282468
282471
282473
282474
282782
282786
282787
282823
282826
282850
282851
282858
282859
282861
282862
282864
282865
282868
282869
282873
282914
282915
282923
282930
282933
282939
282940
282941
282942
283022
283023
283024
283077
283404
283407
283414
283560
283642
283643
283644
283645
283701
283748
283777
283810
283832
283837
283842
283848
283927
283928
283929
283931
283932
283934
283945
283946
283947
283948
283949
283951
283952
283953
283954
283955
283956
283957
283958
283959
283960
283961
283962
283963
283964
283965
283966
283967
283968
283969
283970
283971
283972
283973
283974
283975
283976
283977
283978
283979
283981
283982
283983
283984
283985
283986
283987
283988
283989
283990
283991
283992
283993
283994
283995
283996
283997
283998
283999
284000
284001
284002
284003
284004
284005
284006
284007
284008
284009
284010
284011
284013
284014
284015
284016
284017
284018
284019
284020
284021
284022
284023
284024
284025
284026
284027
284028
284029
284030
284031
284032
284033
284034
284035
284036
284041
284042
284043
284044
284045
284046
284047
284048
284049
284050
284051
284052
284053
284054
284055
284057
284058
284059
284060
284061
284062
284063
284064
284065
284066
284067
284068
284069
284070
284071
284072
284073
284074
284075
284076
284077
284078
284079
284080
284081
284082
284083
284084
284085
284086
284087
284088
284089
284090
284091
284092
284166
284168
284169
284170
284171
284172
284173
284174
284175
284176
284177
284178
284179
284180
284181
284182
284183
284184
284196
284199
284200
284202
284205
284212
284216
284218
284219
284220
284224
284226
284227
284229
284234
284236
284246
284247
284250
284263
284314
284333
284402
284404
284405
284406
284416
284420
284421
284424
284429
284431
284434
284447
284448
284449
284452
284463
284464
284468
284476
284477
284479
284480
284489
284490
284499
284500
284501
284503
284517
284518
284519
284520
284521
284528
284540
284541
284542
284543
284544
284554
284557
284558
284559
284560
284561
284562
284563
284564
284565
284566
284567
284568
284569
284570
284571
284572
284573
284574
284575
284576
284577
284578
284579
284580
284581
284582
284583
284584
284585
284587
284588
284590
284591
284592
284593
284594
284595
284596
284597
284598
284599
284600
284601
284602
284603
284604
284605
284606
284607
284608
284609
284610
284630
284642
284643
284704
284728
284729
284732
284733
284734
284738
284750
284751
284752
284753
284754
284755
284756
284757
284758
284759
284760
284761
284762
284763
284764
284765
284766
284767
284768
284769
284770
284771
284772
284773
284774
284775
284776
284777
284778
284779
284780
284781
284782
284783
284784
284785
284786
284787
284788
284789
284791
284792
284793
284794
284795
284796
284797
284798
284799
284800
284801
284802
